
*** Running vivado
    with args -log mb1_xbar_0.vds -m64 -product Vivado -mode batch -messageDb vivado.pb -notrace -source mb1_xbar_0.tcl



****** Vivado v2021.1 (64-bit)
  **** SW Build 3247384 on Thu Jun 10 19:36:33 MDT 2021
  **** IP Build 3246043 on Fri Jun 11 00:30:35 MDT 2021
    ** Copyright 1986-2021 Xilinx, Inc. All Rights Reserved.

source mb1_xbar_0.tcl -notrace
create_project: Time (s): cpu = 00:00:04 ; elapsed = 00:00:06 . Memory (MB): peak = 1236.770 ; gain = 0.000
Command: synth_design -top mb1_xbar_0 -part xc7a100tcsg324-1 -mode out_of_context
Starting synth_design
Attempting to get a license for feature 'Synthesis' and/or device 'xc7a100t'
INFO: [Common 17-349] Got license for feature 'Synthesis' and/or device 'xc7a100t'
INFO: [Device 21-403] Loading part xc7a100tcsg324-1
INFO: [Synth 8-7079] Multithreading enabled for synth_design using a maximum of 2 processes.
INFO: [Synth 8-7078] Launching helper process for spawning children vivado processes
INFO: [Synth 8-7075] Helper process launched with PID 17012
---------------------------------------------------------------------------------
Starting RTL Elaboration : Time (s): cpu = 00:00:16 ; elapsed = 00:00:21 . Memory (MB): peak = 1236.770 ; gain = 0.000
---------------------------------------------------------------------------------
INFO: [Synth 8-6157] synthesizing module 'mb1_xbar_0' [c:/Xilinx/Vivado/2021.1/myDev/project2/project2.gen/sources_1/bd/mb1/ip/mb1_xbar_0/synth/mb1_xbar_0.v:59]
INFO: [Synth 8-6157] synthesizing module 'axi_crossbar_v2_1_25_axi_crossbar' [c:/Xilinx/Vivado/2021.1/myDev/project2/project2.gen/sources_1/bd/mb1/ipshared/3917/hdl/axi_crossbar_v2_1_vl_rfs.v:4884]
INFO: [Synth 8-6157] synthesizing module 'axi_crossbar_v2_1_25_crossbar_sasd' [c:/Xilinx/Vivado/2021.1/myDev/project2/project2.gen/sources_1/bd/mb1/ipshared/3917/hdl/axi_crossbar_v2_1_vl_rfs.v:1240]
INFO: [Synth 8-6157] synthesizing module 'axi_crossbar_v2_1_25_addr_decoder' [c:/Xilinx/Vivado/2021.1/myDev/project2/project2.gen/sources_1/bd/mb1/ipshared/3917/hdl/axi_crossbar_v2_1_vl_rfs.v:794]
INFO: [Synth 8-6157] synthesizing module 'generic_baseblocks_v2_1_0_comparator_static' [c:/Xilinx/Vivado/2021.1/myDev/project2/project2.gen/sources_1/bd/mb1/ipshared/b752/hdl/generic_baseblocks_v2_1_vl_rfs.v:2133]
INFO: [Synth 8-6157] synthesizing module 'generic_baseblocks_v2_1_0_carry_and' [c:/Xilinx/Vivado/2021.1/myDev/project2/project2.gen/sources_1/bd/mb1/ipshared/b752/hdl/generic_baseblocks_v2_1_vl_rfs.v:62]
INFO: [Synth 8-6155] done synthesizing module 'generic_baseblocks_v2_1_0_carry_and' (1#1) [c:/Xilinx/Vivado/2021.1/myDev/project2/project2.gen/sources_1/bd/mb1/ipshared/b752/hdl/generic_baseblocks_v2_1_vl_rfs.v:62]
INFO: [Synth 8-6155] done synthesizing module 'generic_baseblocks_v2_1_0_comparator_static' (2#1) [c:/Xilinx/Vivado/2021.1/myDev/project2/project2.gen/sources_1/bd/mb1/ipshared/b752/hdl/generic_baseblocks_v2_1_vl_rfs.v:2133]
INFO: [Synth 8-6157] synthesizing module 'generic_baseblocks_v2_1_0_comparator_static__parameterized0' [c:/Xilinx/Vivado/2021.1/myDev/project2/project2.gen/sources_1/bd/mb1/ipshared/b752/hdl/generic_baseblocks_v2_1_vl_rfs.v:2133]
INFO: [Synth 8-6155] done synthesizing module 'generic_baseblocks_v2_1_0_comparator_static__parameterized0' (2#1) [c:/Xilinx/Vivado/2021.1/myDev/project2/project2.gen/sources_1/bd/mb1/ipshared/b752/hdl/generic_baseblocks_v2_1_vl_rfs.v:2133]
INFO: [Synth 8-6157] synthesizing module 'generic_baseblocks_v2_1_0_comparator_static__parameterized1' [c:/Xilinx/Vivado/2021.1/myDev/project2/project2.gen/sources_1/bd/mb1/ipshared/b752/hdl/generic_baseblocks_v2_1_vl_rfs.v:2133]
INFO: [Synth 8-6155] done synthesizing module 'generic_baseblocks_v2_1_0_comparator_static__parameterized1' (2#1) [c:/Xilinx/Vivado/2021.1/myDev/project2/project2.gen/sources_1/bd/mb1/ipshared/b752/hdl/generic_baseblocks_v2_1_vl_rfs.v:2133]
INFO: [Synth 8-6155] done synthesizing module 'axi_crossbar_v2_1_25_addr_decoder' (3#1) [c:/Xilinx/Vivado/2021.1/myDev/project2/project2.gen/sources_1/bd/mb1/ipshared/3917/hdl/axi_crossbar_v2_1_vl_rfs.v:794]
INFO: [Synth 8-6157] synthesizing module 'axi_crossbar_v2_1_25_decerr_slave' [c:/Xilinx/Vivado/2021.1/myDev/project2/project2.gen/sources_1/bd/mb1/ipshared/3917/hdl/axi_crossbar_v2_1_vl_rfs.v:3501]
INFO: [Synth 8-6155] done synthesizing module 'axi_crossbar_v2_1_25_decerr_slave' (4#1) [c:/Xilinx/Vivado/2021.1/myDev/project2/project2.gen/sources_1/bd/mb1/ipshared/3917/hdl/axi_crossbar_v2_1_vl_rfs.v:3501]
INFO: [Synth 8-6157] synthesizing module 'axi_crossbar_v2_1_25_addr_arbiter_sasd' [c:/Xilinx/Vivado/2021.1/myDev/project2/project2.gen/sources_1/bd/mb1/ipshared/3917/hdl/axi_crossbar_v2_1_vl_rfs.v:65]
INFO: [Synth 8-6155] done synthesizing module 'axi_crossbar_v2_1_25_addr_arbiter_sasd' (5#1) [c:/Xilinx/Vivado/2021.1/myDev/project2/project2.gen/sources_1/bd/mb1/ipshared/3917/hdl/axi_crossbar_v2_1_vl_rfs.v:65]
INFO: [Synth 8-6157] synthesizing module 'axi_crossbar_v2_1_25_splitter' [c:/Xilinx/Vivado/2021.1/myDev/project2/project2.gen/sources_1/bd/mb1/ipshared/3917/hdl/axi_crossbar_v2_1_vl_rfs.v:4461]
INFO: [Synth 8-6155] done synthesizing module 'axi_crossbar_v2_1_25_splitter' (6#1) [c:/Xilinx/Vivado/2021.1/myDev/project2/project2.gen/sources_1/bd/mb1/ipshared/3917/hdl/axi_crossbar_v2_1_vl_rfs.v:4461]
INFO: [Synth 8-6157] synthesizing module 'axi_crossbar_v2_1_25_splitter__parameterized0' [c:/Xilinx/Vivado/2021.1/myDev/project2/project2.gen/sources_1/bd/mb1/ipshared/3917/hdl/axi_crossbar_v2_1_vl_rfs.v:4461]
INFO: [Synth 8-6155] done synthesizing module 'axi_crossbar_v2_1_25_splitter__parameterized0' (6#1) [c:/Xilinx/Vivado/2021.1/myDev/project2/project2.gen/sources_1/bd/mb1/ipshared/3917/hdl/axi_crossbar_v2_1_vl_rfs.v:4461]
INFO: [Synth 8-6157] synthesizing module 'generic_baseblocks_v2_1_0_mux_enc' [c:/Xilinx/Vivado/2021.1/myDev/project2/project2.gen/sources_1/bd/mb1/ipshared/b752/hdl/generic_baseblocks_v2_1_vl_rfs.v:2452]
INFO: [Synth 8-6155] done synthesizing module 'generic_baseblocks_v2_1_0_mux_enc' (7#1) [c:/Xilinx/Vivado/2021.1/myDev/project2/project2.gen/sources_1/bd/mb1/ipshared/b752/hdl/generic_baseblocks_v2_1_vl_rfs.v:2452]
INFO: [Synth 8-6157] synthesizing module 'generic_baseblocks_v2_1_0_mux_enc__parameterized0' [c:/Xilinx/Vivado/2021.1/myDev/project2/project2.gen/sources_1/bd/mb1/ipshared/b752/hdl/generic_baseblocks_v2_1_vl_rfs.v:2452]
INFO: [Synth 8-6155] done synthesizing module 'generic_baseblocks_v2_1_0_mux_enc__parameterized0' (7#1) [c:/Xilinx/Vivado/2021.1/myDev/project2/project2.gen/sources_1/bd/mb1/ipshared/b752/hdl/generic_baseblocks_v2_1_vl_rfs.v:2452]
INFO: [Synth 8-6157] synthesizing module 'generic_baseblocks_v2_1_0_mux_enc__parameterized1' [c:/Xilinx/Vivado/2021.1/myDev/project2/project2.gen/sources_1/bd/mb1/ipshared/b752/hdl/generic_baseblocks_v2_1_vl_rfs.v:2452]
INFO: [Synth 8-6155] done synthesizing module 'generic_baseblocks_v2_1_0_mux_enc__parameterized1' (7#1) [c:/Xilinx/Vivado/2021.1/myDev/project2/project2.gen/sources_1/bd/mb1/ipshared/b752/hdl/generic_baseblocks_v2_1_vl_rfs.v:2452]
INFO: [Synth 8-6157] synthesizing module 'axi_register_slice_v2_1_24_axic_register_slice' [c:/Xilinx/Vivado/2021.1/myDev/project2/project2.gen/sources_1/bd/mb1/ipshared/8f68/hdl/axi_register_slice_v2_1_vl_rfs.v:1498]
INFO: [Synth 8-6155] done synthesizing module 'axi_register_slice_v2_1_24_axic_register_slice' (8#1) [c:/Xilinx/Vivado/2021.1/myDev/project2/project2.gen/sources_1/bd/mb1/ipshared/8f68/hdl/axi_register_slice_v2_1_vl_rfs.v:1498]
INFO: [Synth 8-6157] synthesizing module 'generic_baseblocks_v2_1_0_mux_enc__parameterized2' [c:/Xilinx/Vivado/2021.1/myDev/project2/project2.gen/sources_1/bd/mb1/ipshared/b752/hdl/generic_baseblocks_v2_1_vl_rfs.v:2452]
INFO: [Synth 8-6155] done synthesizing module 'generic_baseblocks_v2_1_0_mux_enc__parameterized2' (8#1) [c:/Xilinx/Vivado/2021.1/myDev/project2/project2.gen/sources_1/bd/mb1/ipshared/b752/hdl/generic_baseblocks_v2_1_vl_rfs.v:2452]
INFO: [Synth 8-6155] done synthesizing module 'axi_crossbar_v2_1_25_crossbar_sasd' (9#1) [c:/Xilinx/Vivado/2021.1/myDev/project2/project2.gen/sources_1/bd/mb1/ipshared/3917/hdl/axi_crossbar_v2_1_vl_rfs.v:1240]
INFO: [Synth 8-6155] done synthesizing module 'axi_crossbar_v2_1_25_axi_crossbar' (10#1) [c:/Xilinx/Vivado/2021.1/myDev/project2/project2.gen/sources_1/bd/mb1/ipshared/3917/hdl/axi_crossbar_v2_1_vl_rfs.v:4884]
INFO: [Synth 8-6155] done synthesizing module 'mb1_xbar_0' (11#1) [c:/Xilinx/Vivado/2021.1/myDev/project2/project2.gen/sources_1/bd/mb1/ip/mb1_xbar_0/synth/mb1_xbar_0.v:59]
---------------------------------------------------------------------------------
Finished RTL Elaboration : Time (s): cpu = 00:00:27 ; elapsed = 00:00:35 . Memory (MB): peak = 1236.770 ; gain = 0.000
---------------------------------------------------------------------------------
---------------------------------------------------------------------------------
Start Handling Custom Attributes
---------------------------------------------------------------------------------
---------------------------------------------------------------------------------
Finished Handling Custom Attributes : Time (s): cpu = 00:00:28 ; elapsed = 00:00:37 . Memory (MB): peak = 1236.770 ; gain = 0.000
---------------------------------------------------------------------------------
---------------------------------------------------------------------------------
Finished RTL Optimization Phase 1 : Time (s): cpu = 00:00:28 ; elapsed = 00:00:37 . Memory (MB): peak = 1236.770 ; gain = 0.000
---------------------------------------------------------------------------------
Netlist sorting complete. Time (s): cpu = 00:00:00 ; elapsed = 00:00:00.068 . Memory (MB): peak = 1236.770 ; gain = 0.000
INFO: [Project 1-570] Preparing netlist for logic optimization

Processing XDC Constraints
Initializing timing engine
Parsing XDC File [c:/Xilinx/Vivado/2021.1/myDev/project2/project2.gen/sources_1/bd/mb1/ip/mb1_xbar_0/mb1_xbar_0_ooc.xdc] for cell 'inst'
Finished Parsing XDC File [c:/Xilinx/Vivado/2021.1/myDev/project2/project2.gen/sources_1/bd/mb1/ip/mb1_xbar_0/mb1_xbar_0_ooc.xdc] for cell 'inst'
Parsing XDC File [C:/Xilinx/Vivado/2021.1/myDev/project2/project2.runs/mb1_xbar_0_synth_1/dont_touch.xdc]
Finished Parsing XDC File [C:/Xilinx/Vivado/2021.1/myDev/project2/project2.runs/mb1_xbar_0_synth_1/dont_touch.xdc]
Completed Processing XDC Constraints

Netlist sorting complete. Time (s): cpu = 00:00:00 ; elapsed = 00:00:00.001 . Memory (MB): peak = 1293.703 ; gain = 0.000
INFO: [Project 1-111] Unisim Transformation Summary:
No Unisim elements were transformed.

Constraint Validation Runtime : Time (s): cpu = 00:00:00 ; elapsed = 00:00:00.079 . Memory (MB): peak = 1295.320 ; gain = 1.617
---------------------------------------------------------------------------------
Finished Constraint Validation : Time (s): cpu = 00:00:43 ; elapsed = 00:00:54 . Memory (MB): peak = 1295.320 ; gain = 58.551
---------------------------------------------------------------------------------
---------------------------------------------------------------------------------
Start Loading Part and Timing Information
---------------------------------------------------------------------------------
Loading part: xc7a100tcsg324-1
---------------------------------------------------------------------------------
Finished Loading Part and Timing Information : Time (s): cpu = 00:00:43 ; elapsed = 00:00:54 . Memory (MB): peak = 1295.320 ; gain = 58.551
---------------------------------------------------------------------------------
---------------------------------------------------------------------------------
Start Applying 'set_property' XDC Constraints
---------------------------------------------------------------------------------
Applied set_property KEEP_HIERARCHY = SOFT for inst. (constraint file  C:/Xilinx/Vivado/2021.1/myDev/project2/project2.runs/mb1_xbar_0_synth_1/dont_touch.xdc, line 9).
---------------------------------------------------------------------------------
Finished applying 'set_property' XDC Constraints : Time (s): cpu = 00:00:43 ; elapsed = 00:00:54 . Memory (MB): peak = 1295.320 ; gain = 58.551
---------------------------------------------------------------------------------
---------------------------------------------------------------------------------
Finished RTL Optimization Phase 2 : Time (s): cpu = 00:00:44 ; elapsed = 00:00:55 . Memory (MB): peak = 1295.320 ; gain = 58.551
---------------------------------------------------------------------------------
---------------------------------------------------------------------------------
Start RTL Component Statistics 
---------------------------------------------------------------------------------
Detailed RTL Component Info : 
+---Registers : 
	               64 Bit    Registers := 1     
	               36 Bit    Registers := 2     
	                4 Bit    Registers := 1     
	                3 Bit    Registers := 1     
	                2 Bit    Registers := 3     
	                1 Bit    Registers := 14    
+---Muxes : 
	   2 Input   64 Bit        Muxes := 1     
	   2 Input   36 Bit        Muxes := 2     
	   2 Input    4 Bit        Muxes := 1     
	   2 Input    3 Bit        Muxes := 1     
	   2 Input    1 Bit        Muxes := 36    
---------------------------------------------------------------------------------
Finished RTL Component Statistics 
---------------------------------------------------------------------------------
---------------------------------------------------------------------------------
Start Part Resource Summary
---------------------------------------------------------------------------------
Part Resources:
DSPs: 240 (col length:80)
BRAMs: 270 (col length: RAMB18 80 RAMB36 40)
---------------------------------------------------------------------------------
Finished Part Resource Summary
---------------------------------------------------------------------------------
---------------------------------------------------------------------------------
Start Cross Boundary and Area Optimization
---------------------------------------------------------------------------------
---------------------------------------------------------------------------------
Finished Cross Boundary and Area Optimization : Time (s): cpu = 00:00:48 ; elapsed = 00:01:00 . Memory (MB): peak = 1295.320 ; gain = 58.551
---------------------------------------------------------------------------------
---------------------------------------------------------------------------------
Start Applying XDC Timing Constraints
---------------------------------------------------------------------------------
---------------------------------------------------------------------------------
Finished Applying XDC Timing Constraints : Time (s): cpu = 00:01:02 ; elapsed = 00:01:16 . Memory (MB): peak = 1295.320 ; gain = 58.551
---------------------------------------------------------------------------------
---------------------------------------------------------------------------------
Start Timing Optimization
---------------------------------------------------------------------------------
---------------------------------------------------------------------------------
Finished Timing Optimization : Time (s): cpu = 00:01:03 ; elapsed = 00:01:17 . Memory (MB): peak = 1295.320 ; gain = 58.551
---------------------------------------------------------------------------------
---------------------------------------------------------------------------------
Start Technology Mapping
---------------------------------------------------------------------------------
---------------------------------------------------------------------------------
Finished Technology Mapping : Time (s): cpu = 00:01:04 ; elapsed = 00:01:18 . Memory (MB): peak = 1295.320 ; gain = 58.551
---------------------------------------------------------------------------------
---------------------------------------------------------------------------------
Start IO Insertion
---------------------------------------------------------------------------------
---------------------------------------------------------------------------------
Start Flattening Before IO Insertion
---------------------------------------------------------------------------------
---------------------------------------------------------------------------------
Finished Flattening Before IO Insertion
---------------------------------------------------------------------------------
---------------------------------------------------------------------------------
Start Final Netlist Cleanup
---------------------------------------------------------------------------------
---------------------------------------------------------------------------------
Finished Final Netlist Cleanup
---------------------------------------------------------------------------------
---------------------------------------------------------------------------------
Finished IO Insertion : Time (s): cpu = 00:01:13 ; elapsed = 00:01:27 . Memory (MB): peak = 1295.320 ; gain = 58.551
---------------------------------------------------------------------------------
---------------------------------------------------------------------------------
Start Renaming Generated Instances
---------------------------------------------------------------------------------
---------------------------------------------------------------------------------
Finished Renaming Generated Instances : Time (s): cpu = 00:01:13 ; elapsed = 00:01:27 . Memory (MB): peak = 1295.320 ; gain = 58.551
---------------------------------------------------------------------------------
---------------------------------------------------------------------------------
Start Rebuilding User Hierarchy
---------------------------------------------------------------------------------
---------------------------------------------------------------------------------
Finished Rebuilding User Hierarchy : Time (s): cpu = 00:01:13 ; elapsed = 00:01:27 . Memory (MB): peak = 1295.320 ; gain = 58.551
---------------------------------------------------------------------------------
---------------------------------------------------------------------------------
Start Renaming Generated Ports
---------------------------------------------------------------------------------
---------------------------------------------------------------------------------
Finished Renaming Generated Ports : Time (s): cpu = 00:01:13 ; elapsed = 00:01:27 . Memory (MB): peak = 1295.320 ; gain = 58.551
---------------------------------------------------------------------------------
---------------------------------------------------------------------------------
Start Handling Custom Attributes
---------------------------------------------------------------------------------
---------------------------------------------------------------------------------
Finished Handling Custom Attributes : Time (s): cpu = 00:01:13 ; elapsed = 00:01:27 . Memory (MB): peak = 1295.320 ; gain = 58.551
---------------------------------------------------------------------------------
---------------------------------------------------------------------------------
Start Renaming Generated Nets
---------------------------------------------------------------------------------
---------------------------------------------------------------------------------
Finished Renaming Generated Nets : Time (s): cpu = 00:01:13 ; elapsed = 00:01:27 . Memory (MB): peak = 1295.320 ; gain = 58.551
---------------------------------------------------------------------------------
---------------------------------------------------------------------------------
Start Writing Synthesis Report
---------------------------------------------------------------------------------

Report BlackBoxes: 
+-+--------------+----------+
| |BlackBox name |Instances |
+-+--------------+----------+
+-+--------------+----------+

Report Cell Usage: 
+------+-----+------+
|      |Cell |Count |
+------+-----+------+
|1     |LUT1 |     1|
|2     |LUT2 |    12|
|3     |LUT3 |    39|
|4     |LUT4 |    46|
|5     |LUT5 |    34|
|6     |LUT6 |    44|
|7     |FDRE |   131|
+------+-----+------+
---------------------------------------------------------------------------------
Finished Writing Synthesis Report : Time (s): cpu = 00:01:13 ; elapsed = 00:01:27 . Memory (MB): peak = 1295.320 ; gain = 58.551
---------------------------------------------------------------------------------
Synthesis finished with 0 errors, 0 critical warnings and 0 warnings.
Synthesis Optimization Runtime : Time (s): cpu = 00:00:39 ; elapsed = 00:01:21 . Memory (MB): peak = 1295.320 ; gain = 0.000
Synthesis Optimization Complete : Time (s): cpu = 00:01:13 ; elapsed = 00:01:28 . Memory (MB): peak = 1295.320 ; gain = 58.551
INFO: [Project 1-571] Translating synthesized netlist
Netlist sorting complete. Time (s): cpu = 00:00:00 ; elapsed = 00:00:00.047 . Memory (MB): peak = 1295.320 ; gain = 0.000
INFO: [Project 1-570] Preparing netlist for logic optimization
INFO: [Opt 31-138] Pushed 0 inverter(s) to 0 load pin(s).
Netlist sorting complete. Time (s): cpu = 00:00:00 ; elapsed = 00:00:00 . Memory (MB): peak = 1295.320 ; gain = 0.000
INFO: [Project 1-111] Unisim Transformation Summary:
No Unisim elements were transformed.

Synth Design complete, checksum: 3bf58710
INFO: [Common 17-83] Releasing license: Synthesis
46 Infos, 0 Warnings, 0 Critical Warnings and 0 Errors encountered.
synth_design completed successfully
synth_design: Time (s): cpu = 00:01:22 ; elapsed = 00:01:40 . Memory (MB): peak = 1295.320 ; gain = 58.551
INFO: [Common 17-1381] The checkpoint 'C:/Xilinx/Vivado/2021.1/myDev/project2/project2.runs/mb1_xbar_0_synth_1/mb1_xbar_0.dcp' has been generated.
INFO: [Coretcl 2-1648] Added synthesis output to IP cache for IP mb1_xbar_0, cache-ID = e037cfea9569c599
INFO: [Coretcl 2-1174] Renamed 7 cell refs.
INFO: [Common 17-1381] The checkpoint 'C:/Xilinx/Vivado/2021.1/myDev/project2/project2.runs/mb1_xbar_0_synth_1/mb1_xbar_0.dcp' has been generated.
INFO: [runtcl-4] Executing : report_utilization -file mb1_xbar_0_utilization_synth.rpt -pb mb1_xbar_0_utilization_synth.pb
INFO: [Common 17-206] Exiting Vivado at Wed Aug  4 21:24:00 2021...
